INFO	?	main	2016-12-21T18:19:34.174Z	org.javacs.Main#connectToNode	Connected to parent using socket on port 55282
INFO	?	main	2016-12-21T18:19:34.290Z	org.javacs.JavaLanguageServer#doLint	Lint [/Users/michael.zhang/Google Drive/DevCenter/workspace/workspace4Learning/microservice-learning/microservices-spring-cloud-developing-services/4-exercise-files/after/pluralsight-springcloud-m4-secureauthserver/src/main/java/pluralsight/demo/PluralsightSpringcloudM4SecureauthserverApplication.java]
INFO	?	main	2016-12-21T18:19:34.304Z	org.javacs.JavaLanguageServer#buildClassPath	Emit classpath to /var/folders/dv/vq4shwhd4qdbjh2k6rf18pzm0000gn/T/classpath75296708598017760.txt
SEVERE	?	main	2016-12-21T18:19:34.311Z	org.javacs.Main$4#onError	java.io.IOException: Cannot run program "mvn" (in directory "/Users/michael.zhang/Google Drive/DevCenter/workspace/workspace4Learning/microservice-learning/microservices-spring-cloud-developing-services/4-exercise-files/after/pluralsight-springcloud-m4-secureauthserver"): error=2, No such file or directory
java.lang.RuntimeException: java.io.IOException: Cannot run program "mvn" (in directory "/Users/michael.zhang/Google Drive/DevCenter/workspace/workspace4Learning/microservice-learning/microservices-spring-cloud-developing-services/4-exercise-files/after/pluralsight-springcloud-m4-secureauthserver"): error=2, No such file or directory
	at org.javacs.JavaLanguageServer.buildClassPath(JavaLanguageServer.java:593)
	at org.javacs.JavaLanguageServer.readIfConfig(JavaLanguageServer.java:556)
	at org.javacs.JavaLanguageServer.doFindConfig(JavaLanguageServer.java:525)
	at java.util.HashMap.computeIfAbsent(HashMap.java:1126)
	at org.javacs.JavaLanguageServer.findConfig(JavaLanguageServer.java:517)
	at org.javacs.JavaLanguageServer.doLint(JavaLanguageServer.java:315)
	at org.javacs.JavaLanguageServer.doLint(JavaLanguageServer.java:303)
	at org.javacs.JavaLanguageServer.access$1000(JavaLanguageServer.java:31)
	at org.javacs.JavaLanguageServer$1.lambda$didOpen$14(JavaLanguageServer.java:193)
	at java.util.Optional.ifPresent(Optional.java:159)
	at org.javacs.JavaLanguageServer$1.didOpen(JavaLanguageServer.java:188)
	at io.typefox.lsapi.services.transport.server.LanguageServerEndpoint._doAccept(LanguageServerEndpoint.xtend:198)
	at io.typefox.lsapi.services.transport.server.LanguageServerEndpoint.doAccept(LanguageServerEndpoint.xtend:194)
	at io.typefox.lsapi.services.transport.server.LanguageServerEndpoint.accept(LanguageServerEndpoint.xtend:114)
	at io.typefox.lsapi.services.transport.server.LanguageServerEndpoint.accept(LanguageServerEndpoint.xtend)
	at io.typefox.lsapi.services.transport.AbstractLanguageEndpoint.handleMessage(LanguageEndpoint.xtend:67)
	at io.typefox.lsapi.services.transport.AbstractLanguageEndpoint.lambda$connect$4(LanguageEndpoint.xtend:61)
	at io.typefox.lsapi.services.json.StreamMessageReader$1.apply(StreamMessageReader.java:46)
	at io.typefox.lsapi.services.json.StreamMessageReader$1.apply(StreamMessageReader.java:44)
	at io.typefox.lsapi.services.json.StreamMessageReader.handleMessage(StreamMessageReader.xtend:128)
	at io.typefox.lsapi.services.json.StreamMessageReader.listen(StreamMessageReader.xtend:61)
	at io.typefox.lsapi.services.transport.AbstractLanguageEndpoint.connect(LanguageEndpoint.xtend:60)
	at org.javacs.Main.run(Main.java:150)
	at org.javacs.Main.main(Main.java:69)
Caused by: java.io.IOException: Cannot run program "mvn" (in directory "/Users/michael.zhang/Google Drive/DevCenter/workspace/workspace4Learning/microservice-learning/microservices-spring-cloud-developing-services/4-exercise-files/after/pluralsight-springcloud-m4-secureauthserver"): error=2, No such file or directory
	at java.lang.ProcessBuilder.start(ProcessBuilder.java:1048)
	at java.lang.Runtime.exec(Runtime.java:620)
	at java.lang.Runtime.exec(Runtime.java:450)
	at org.javacs.JavaLanguageServer.buildClassPath(JavaLanguageServer.java:586)
	... 23 more
Caused by: java.io.IOException: error=2, No such file or directory
	at java.lang.UNIXProcess.forkAndExec(Native Method)
	at java.lang.UNIXProcess.<init>(UNIXProcess.java:247)
	at java.lang.ProcessImpl.start(ProcessImpl.java:134)
	at java.lang.ProcessBuilder.start(ProcessBuilder.java:1029)
	... 26 more

INFO	?	main	2016-12-21T18:19:59.134Z	org.javacs.JavaLanguageServer#buildClassPath	Emit classpath to /var/folders/dv/vq4shwhd4qdbjh2k6rf18pzm0000gn/T/classpath5485233956640477418.txt
SEVERE	?	main	2016-12-21T18:19:59.137Z	org.javacs.Main$4#onError	java.io.IOException: Cannot run program "mvn" (in directory "/Users/michael.zhang/Google Drive/DevCenter/workspace/workspace4Learning/microservice-learning/microservices-spring-cloud-developing-services/4-exercise-files/after/pluralsight-springcloud-m4-secureauthserver"): error=2, No such file or directory
java.lang.RuntimeException: java.io.IOException: Cannot run program "mvn" (in directory "/Users/michael.zhang/Google Drive/DevCenter/workspace/workspace4Learning/microservice-learning/microservices-spring-cloud-developing-services/4-exercise-files/after/pluralsight-springcloud-m4-secureauthserver"): error=2, No such file or directory
	at org.javacs.JavaLanguageServer.buildClassPath(JavaLanguageServer.java:593)
	at org.javacs.JavaLanguageServer.readIfConfig(JavaLanguageServer.java:556)
	at org.javacs.JavaLanguageServer.doFindConfig(JavaLanguageServer.java:525)
	at java.util.HashMap.computeIfAbsent(HashMap.java:1126)
	at org.javacs.JavaLanguageServer.findConfig(JavaLanguageServer.java:517)
	at org.javacs.JavaLanguageServer.findCompiler(JavaLanguageServer.java:477)
	at org.javacs.JavaLanguageServer.findTree(JavaLanguageServer.java:809)
	at org.javacs.JavaLanguageServer.lambda$doHover$34(JavaLanguageServer.java:983)
	at java.util.Optional.ifPresent(Optional.java:159)
	at org.javacs.JavaLanguageServer.doHover(JavaLanguageServer.java:982)
	at org.javacs.JavaLanguageServer.access$000(JavaLanguageServer.java:31)
	at org.javacs.JavaLanguageServer$1.hover(JavaLanguageServer.java:118)
	at io.typefox.lsapi.services.transport.server.LanguageServerEndpoint._doAccept(LanguageServerEndpoint.xtend:130)
	at io.typefox.lsapi.services.transport.server.LanguageServerEndpoint.doAccept(LanguageServerEndpoint.xtend:117)
	at io.typefox.lsapi.services.transport.server.LanguageServerEndpoint.accept(LanguageServerEndpoint.xtend:114)
	at io.typefox.lsapi.services.transport.server.LanguageServerEndpoint.accept(LanguageServerEndpoint.xtend)
	at io.typefox.lsapi.services.transport.AbstractLanguageEndpoint.handleMessage(LanguageEndpoint.xtend:67)
	at io.typefox.lsapi.services.transport.AbstractLanguageEndpoint.lambda$connect$4(LanguageEndpoint.xtend:61)
	at io.typefox.lsapi.services.json.StreamMessageReader$1.apply(StreamMessageReader.java:46)
	at io.typefox.lsapi.services.json.StreamMessageReader$1.apply(StreamMessageReader.java:44)
	at io.typefox.lsapi.services.json.StreamMessageReader.handleMessage(StreamMessageReader.xtend:128)
	at io.typefox.lsapi.services.json.StreamMessageReader.listen(StreamMessageReader.xtend:61)
	at io.typefox.lsapi.services.transport.AbstractLanguageEndpoint.connect(LanguageEndpoint.xtend:60)
	at org.javacs.Main.run(Main.java:150)
	at org.javacs.Main.main(Main.java:69)
Caused by: java.io.IOException: Cannot run program "mvn" (in directory "/Users/michael.zhang/Google Drive/DevCenter/workspace/workspace4Learning/microservice-learning/microservices-spring-cloud-developing-services/4-exercise-files/after/pluralsight-springcloud-m4-secureauthserver"): error=2, No such file or directory
	at java.lang.ProcessBuilder.start(ProcessBuilder.java:1048)
	at java.lang.Runtime.exec(Runtime.java:620)
	at java.lang.Runtime.exec(Runtime.java:450)
	at org.javacs.JavaLanguageServer.buildClassPath(JavaLanguageServer.java:586)
	... 24 more
Caused by: java.io.IOException: error=2, No such file or directory
	at java.lang.UNIXProcess.forkAndExec(Native Method)
	at java.lang.UNIXProcess.<init>(UNIXProcess.java:247)
	at java.lang.ProcessImpl.start(ProcessImpl.java:134)
	at java.lang.ProcessBuilder.start(ProcessBuilder.java:1029)
	... 27 more

INFO	?	main	2016-12-21T18:20:00.820Z	org.javacs.JavaLanguageServer#buildClassPath	Emit classpath to /var/folders/dv/vq4shwhd4qdbjh2k6rf18pzm0000gn/T/classpath4625709335134042844.txt
SEVERE	?	main	2016-12-21T18:20:00.823Z	org.javacs.Main$4#onError	java.io.IOException: Cannot run program "mvn" (in directory "/Users/michael.zhang/Google Drive/DevCenter/workspace/workspace4Learning/microservice-learning/microservices-spring-cloud-developing-services/4-exercise-files/after/pluralsight-springcloud-m4-secureauthserver"): error=2, No such file or directory
java.lang.RuntimeException: java.io.IOException: Cannot run program "mvn" (in directory "/Users/michael.zhang/Google Drive/DevCenter/workspace/workspace4Learning/microservice-learning/microservices-spring-cloud-developing-services/4-exercise-files/after/pluralsight-springcloud-m4-secureauthserver"): error=2, No such file or directory
	at org.javacs.JavaLanguageServer.buildClassPath(JavaLanguageServer.java:593)
	at org.javacs.JavaLanguageServer.readIfConfig(JavaLanguageServer.java:556)
	at org.javacs.JavaLanguageServer.doFindConfig(JavaLanguageServer.java:525)
	at java.util.HashMap.computeIfAbsent(HashMap.java:1126)
	at org.javacs.JavaLanguageServer.findConfig(JavaLanguageServer.java:517)
	at org.javacs.JavaLanguageServer.findCompiler(JavaLanguageServer.java:477)
	at org.javacs.JavaLanguageServer.findTree(JavaLanguageServer.java:809)
	at org.javacs.JavaLanguageServer.lambda$doHover$34(JavaLanguageServer.java:983)
	at java.util.Optional.ifPresent(Optional.java:159)
	at org.javacs.JavaLanguageServer.doHover(JavaLanguageServer.java:982)
	at org.javacs.JavaLanguageServer.access$000(JavaLanguageServer.java:31)
	at org.javacs.JavaLanguageServer$1.hover(JavaLanguageServer.java:118)
	at io.typefox.lsapi.services.transport.server.LanguageServerEndpoint._doAccept(LanguageServerEndpoint.xtend:130)
	at io.typefox.lsapi.services.transport.server.LanguageServerEndpoint.doAccept(LanguageServerEndpoint.xtend:117)
	at io.typefox.lsapi.services.transport.server.LanguageServerEndpoint.accept(LanguageServerEndpoint.xtend:114)
	at io.typefox.lsapi.services.transport.server.LanguageServerEndpoint.accept(LanguageServerEndpoint.xtend)
	at io.typefox.lsapi.services.transport.AbstractLanguageEndpoint.handleMessage(LanguageEndpoint.xtend:67)
	at io.typefox.lsapi.services.transport.AbstractLanguageEndpoint.lambda$connect$4(LanguageEndpoint.xtend:61)
	at io.typefox.lsapi.services.json.StreamMessageReader$1.apply(StreamMessageReader.java:46)
	at io.typefox.lsapi.services.json.StreamMessageReader$1.apply(StreamMessageReader.java:44)
	at io.typefox.lsapi.services.json.StreamMessageReader.handleMessage(StreamMessageReader.xtend:128)
	at io.typefox.lsapi.services.json.StreamMessageReader.listen(StreamMessageReader.xtend:61)
	at io.typefox.lsapi.services.transport.AbstractLanguageEndpoint.connect(LanguageEndpoint.xtend:60)
	at org.javacs.Main.run(Main.java:150)
	at org.javacs.Main.main(Main.java:69)
Caused by: java.io.IOException: Cannot run program "mvn" (in directory "/Users/michael.zhang/Google Drive/DevCenter/workspace/workspace4Learning/microservice-learning/microservices-spring-cloud-developing-services/4-exercise-files/after/pluralsight-springcloud-m4-secureauthserver"): error=2, No such file or directory
	at java.lang.ProcessBuilder.start(ProcessBuilder.java:1048)
	at java.lang.Runtime.exec(Runtime.java:620)
	at java.lang.Runtime.exec(Runtime.java:450)
	at org.javacs.JavaLanguageServer.buildClassPath(JavaLanguageServer.java:586)
	... 24 more
Caused by: java.io.IOException: error=2, No such file or directory
	at java.lang.UNIXProcess.forkAndExec(Native Method)
	at java.lang.UNIXProcess.<init>(UNIXProcess.java:247)
	at java.lang.ProcessImpl.start(ProcessImpl.java:134)
	at java.lang.ProcessBuilder.start(ProcessBuilder.java:1029)
	... 27 more

INFO	?	main	2016-12-21T18:20:01.021Z	org.javacs.JavaLanguageServer#buildClassPath	Emit classpath to /var/folders/dv/vq4shwhd4qdbjh2k6rf18pzm0000gn/T/classpath8350510336389256199.txt
SEVERE	?	main	2016-12-21T18:20:01.024Z	org.javacs.Main$4#onError	java.io.IOException: Cannot run program "mvn" (in directory "/Users/michael.zhang/Google Drive/DevCenter/workspace/workspace4Learning/microservice-learning/microservices-spring-cloud-developing-services/4-exercise-files/after/pluralsight-springcloud-m4-secureauthserver"): error=2, No such file or directory
java.lang.RuntimeException: java.io.IOException: Cannot run program "mvn" (in directory "/Users/michael.zhang/Google Drive/DevCenter/workspace/workspace4Learning/microservice-learning/microservices-spring-cloud-developing-services/4-exercise-files/after/pluralsight-springcloud-m4-secureauthserver"): error=2, No such file or directory
	at org.javacs.JavaLanguageServer.buildClassPath(JavaLanguageServer.java:593)
	at org.javacs.JavaLanguageServer.readIfConfig(JavaLanguageServer.java:556)
	at org.javacs.JavaLanguageServer.doFindConfig(JavaLanguageServer.java:525)
	at java.util.HashMap.computeIfAbsent(HashMap.java:1126)
	at org.javacs.JavaLanguageServer.findConfig(JavaLanguageServer.java:517)
	at org.javacs.JavaLanguageServer.findCompiler(JavaLanguageServer.java:477)
	at org.javacs.JavaLanguageServer.findTree(JavaLanguageServer.java:809)
	at org.javacs.JavaLanguageServer.lambda$doHover$34(JavaLanguageServer.java:983)
	at java.util.Optional.ifPresent(Optional.java:159)
	at org.javacs.JavaLanguageServer.doHover(JavaLanguageServer.java:982)
	at org.javacs.JavaLanguageServer.access$000(JavaLanguageServer.java:31)
	at org.javacs.JavaLanguageServer$1.hover(JavaLanguageServer.java:118)
	at io.typefox.lsapi.services.transport.server.LanguageServerEndpoint._doAccept(LanguageServerEndpoint.xtend:130)
	at io.typefox.lsapi.services.transport.server.LanguageServerEndpoint.doAccept(LanguageServerEndpoint.xtend:117)
	at io.typefox.lsapi.services.transport.server.LanguageServerEndpoint.accept(LanguageServerEndpoint.xtend:114)
	at io.typefox.lsapi.services.transport.server.LanguageServerEndpoint.accept(LanguageServerEndpoint.xtend)
	at io.typefox.lsapi.services.transport.AbstractLanguageEndpoint.handleMessage(LanguageEndpoint.xtend:67)
	at io.typefox.lsapi.services.transport.AbstractLanguageEndpoint.lambda$connect$4(LanguageEndpoint.xtend:61)
	at io.typefox.lsapi.services.json.StreamMessageReader$1.apply(StreamMessageReader.java:46)
	at io.typefox.lsapi.services.json.StreamMessageReader$1.apply(StreamMessageReader.java:44)
	at io.typefox.lsapi.services.json.StreamMessageReader.handleMessage(StreamMessageReader.xtend:128)
	at io.typefox.lsapi.services.json.StreamMessageReader.listen(StreamMessageReader.xtend:61)
	at io.typefox.lsapi.services.transport.AbstractLanguageEndpoint.connect(LanguageEndpoint.xtend:60)
	at org.javacs.Main.run(Main.java:150)
	at org.javacs.Main.main(Main.java:69)
Caused by: java.io.IOException: Cannot run program "mvn" (in directory "/Users/michael.zhang/Google Drive/DevCenter/workspace/workspace4Learning/microservice-learning/microservices-spring-cloud-developing-services/4-exercise-files/after/pluralsight-springcloud-m4-secureauthserver"): error=2, No such file or directory
	at java.lang.ProcessBuilder.start(ProcessBuilder.java:1048)
	at java.lang.Runtime.exec(Runtime.java:620)
	at java.lang.Runtime.exec(Runtime.java:450)
	at org.javacs.JavaLanguageServer.buildClassPath(JavaLanguageServer.java:586)
	... 24 more
Caused by: java.io.IOException: error=2, No such file or directory
	at java.lang.UNIXProcess.forkAndExec(Native Method)
	at java.lang.UNIXProcess.<init>(UNIXProcess.java:247)
	at java.lang.ProcessImpl.start(ProcessImpl.java:134)
	at java.lang.ProcessBuilder.start(ProcessBuilder.java:1029)
	... 27 more

INFO	?	main	2016-12-21T18:20:35.235Z	org.javacs.JavaLanguageServer#doLint	Lint [/Users/michael.zhang/Google Drive/DevCenter/workspace/workspace4Learning/microservice-learning/microservices-spring-cloud-developing-services/4-exercise-files/after/pluralsight-springcloud-m4-securecli/src/main/java/pluralsight/demo/PluralsightSpringcloudM4SecurecliApplication.java]
INFO	?	main	2016-12-21T18:20:35.238Z	org.javacs.JavaLanguageServer#buildClassPath	Emit classpath to /var/folders/dv/vq4shwhd4qdbjh2k6rf18pzm0000gn/T/classpath7602847346668580423.txt
SEVERE	?	main	2016-12-21T18:20:35.242Z	org.javacs.Main$4#onError	java.io.IOException: Cannot run program "mvn" (in directory "/Users/michael.zhang/Google Drive/DevCenter/workspace/workspace4Learning/microservice-learning/microservices-spring-cloud-developing-services/4-exercise-files/after/pluralsight-springcloud-m4-securecli"): error=2, No such file or directory
java.lang.RuntimeException: java.io.IOException: Cannot run program "mvn" (in directory "/Users/michael.zhang/Google Drive/DevCenter/workspace/workspace4Learning/microservice-learning/microservices-spring-cloud-developing-services/4-exercise-files/after/pluralsight-springcloud-m4-securecli"): error=2, No such file or directory
	at org.javacs.JavaLanguageServer.buildClassPath(JavaLanguageServer.java:593)
	at org.javacs.JavaLanguageServer.readIfConfig(JavaLanguageServer.java:556)
	at org.javacs.JavaLanguageServer.doFindConfig(JavaLanguageServer.java:525)
	at java.util.HashMap.computeIfAbsent(HashMap.java:1126)
	at org.javacs.JavaLanguageServer.findConfig(JavaLanguageServer.java:517)
	at org.javacs.JavaLanguageServer.doLint(JavaLanguageServer.java:315)
	at org.javacs.JavaLanguageServer.doLint(JavaLanguageServer.java:303)
	at org.javacs.JavaLanguageServer.access$1000(JavaLanguageServer.java:31)
	at org.javacs.JavaLanguageServer$1.lambda$didOpen$14(JavaLanguageServer.java:193)
	at java.util.Optional.ifPresent(Optional.java:159)
	at org.javacs.JavaLanguageServer$1.didOpen(JavaLanguageServer.java:188)
	at io.typefox.lsapi.services.transport.server.LanguageServerEndpoint._doAccept(LanguageServerEndpoint.xtend:198)
	at io.typefox.lsapi.services.transport.server.LanguageServerEndpoint.doAccept(LanguageServerEndpoint.xtend:194)
	at io.typefox.lsapi.services.transport.server.LanguageServerEndpoint.accept(LanguageServerEndpoint.xtend:114)
	at io.typefox.lsapi.services.transport.server.LanguageServerEndpoint.accept(LanguageServerEndpoint.xtend)
	at io.typefox.lsapi.services.transport.AbstractLanguageEndpoint.handleMessage(LanguageEndpoint.xtend:67)
	at io.typefox.lsapi.services.transport.AbstractLanguageEndpoint.lambda$connect$4(LanguageEndpoint.xtend:61)
	at io.typefox.lsapi.services.json.StreamMessageReader$1.apply(StreamMessageReader.java:46)
	at io.typefox.lsapi.services.json.StreamMessageReader$1.apply(StreamMessageReader.java:44)
	at io.typefox.lsapi.services.json.StreamMessageReader.handleMessage(StreamMessageReader.xtend:128)
	at io.typefox.lsapi.services.json.StreamMessageReader.listen(StreamMessageReader.xtend:61)
	at io.typefox.lsapi.services.transport.AbstractLanguageEndpoint.connect(LanguageEndpoint.xtend:60)
	at org.javacs.Main.run(Main.java:150)
	at org.javacs.Main.main(Main.java:69)
Caused by: java.io.IOException: Cannot run program "mvn" (in directory "/Users/michael.zhang/Google Drive/DevCenter/workspace/workspace4Learning/microservice-learning/microservices-spring-cloud-developing-services/4-exercise-files/after/pluralsight-springcloud-m4-securecli"): error=2, No such file or directory
	at java.lang.ProcessBuilder.start(ProcessBuilder.java:1048)
	at java.lang.Runtime.exec(Runtime.java:620)
	at java.lang.Runtime.exec(Runtime.java:450)
	at org.javacs.JavaLanguageServer.buildClassPath(JavaLanguageServer.java:586)
	... 23 more
Caused by: java.io.IOException: error=2, No such file or directory
	at java.lang.UNIXProcess.forkAndExec(Native Method)
	at java.lang.UNIXProcess.<init>(UNIXProcess.java:247)
	at java.lang.ProcessImpl.start(ProcessImpl.java:134)
	at java.lang.ProcessBuilder.start(ProcessBuilder.java:1029)
	... 26 more

INFO	?	main	2016-12-21T18:26:01.744Z	org.javacs.JavaLanguageServer#buildClassPath	Emit classpath to /var/folders/dv/vq4shwhd4qdbjh2k6rf18pzm0000gn/T/classpath687176263709669056.txt
SEVERE	?	main	2016-12-21T18:26:01.747Z	org.javacs.Main$4#onError	java.io.IOException: Cannot run program "mvn" (in directory "/Users/michael.zhang/Google Drive/DevCenter/workspace/workspace4Learning/microservice-learning/microservices-spring-cloud-developing-services/4-exercise-files/after/pluralsight-springcloud-m4-securecli"): error=2, No such file or directory
java.lang.RuntimeException: java.io.IOException: Cannot run program "mvn" (in directory "/Users/michael.zhang/Google Drive/DevCenter/workspace/workspace4Learning/microservice-learning/microservices-spring-cloud-developing-services/4-exercise-files/after/pluralsight-springcloud-m4-securecli"): error=2, No such file or directory
	at org.javacs.JavaLanguageServer.buildClassPath(JavaLanguageServer.java:593)
	at org.javacs.JavaLanguageServer.readIfConfig(JavaLanguageServer.java:556)
	at org.javacs.JavaLanguageServer.doFindConfig(JavaLanguageServer.java:525)
	at java.util.HashMap.computeIfAbsent(HashMap.java:1126)
	at org.javacs.JavaLanguageServer.findConfig(JavaLanguageServer.java:517)
	at org.javacs.JavaLanguageServer.findCompiler(JavaLanguageServer.java:477)
	at org.javacs.JavaLanguageServer.findTree(JavaLanguageServer.java:809)
	at org.javacs.JavaLanguageServer.lambda$doHover$34(JavaLanguageServer.java:983)
	at java.util.Optional.ifPresent(Optional.java:159)
	at org.javacs.JavaLanguageServer.doHover(JavaLanguageServer.java:982)
	at org.javacs.JavaLanguageServer.access$000(JavaLanguageServer.java:31)
	at org.javacs.JavaLanguageServer$1.hover(JavaLanguageServer.java:118)
	at io.typefox.lsapi.services.transport.server.LanguageServerEndpoint._doAccept(LanguageServerEndpoint.xtend:130)
	at io.typefox.lsapi.services.transport.server.LanguageServerEndpoint.doAccept(LanguageServerEndpoint.xtend:117)
	at io.typefox.lsapi.services.transport.server.LanguageServerEndpoint.accept(LanguageServerEndpoint.xtend:114)
	at io.typefox.lsapi.services.transport.server.LanguageServerEndpoint.accept(LanguageServerEndpoint.xtend)
	at io.typefox.lsapi.services.transport.AbstractLanguageEndpoint.handleMessage(LanguageEndpoint.xtend:67)
	at io.typefox.lsapi.services.transport.AbstractLanguageEndpoint.lambda$connect$4(LanguageEndpoint.xtend:61)
	at io.typefox.lsapi.services.json.StreamMessageReader$1.apply(StreamMessageReader.java:46)
	at io.typefox.lsapi.services.json.StreamMessageReader$1.apply(StreamMessageReader.java:44)
	at io.typefox.lsapi.services.json.StreamMessageReader.handleMessage(StreamMessageReader.xtend:128)
	at io.typefox.lsapi.services.json.StreamMessageReader.listen(StreamMessageReader.xtend:61)
	at io.typefox.lsapi.services.transport.AbstractLanguageEndpoint.connect(LanguageEndpoint.xtend:60)
	at org.javacs.Main.run(Main.java:150)
	at org.javacs.Main.main(Main.java:69)
Caused by: java.io.IOException: Cannot run program "mvn" (in directory "/Users/michael.zhang/Google Drive/DevCenter/workspace/workspace4Learning/microservice-learning/microservices-spring-cloud-developing-services/4-exercise-files/after/pluralsight-springcloud-m4-securecli"): error=2, No such file or directory
	at java.lang.ProcessBuilder.start(ProcessBuilder.java:1048)
	at java.lang.Runtime.exec(Runtime.java:620)
	at java.lang.Runtime.exec(Runtime.java:450)
	at org.javacs.JavaLanguageServer.buildClassPath(JavaLanguageServer.java:586)
	... 24 more
Caused by: java.io.IOException: error=2, No such file or directory
	at java.lang.UNIXProcess.forkAndExec(Native Method)
	at java.lang.UNIXProcess.<init>(UNIXProcess.java:247)
	at java.lang.ProcessImpl.start(ProcessImpl.java:134)
	at java.lang.ProcessBuilder.start(ProcessBuilder.java:1029)
	... 27 more

INFO	?	main	2016-12-21T18:26:06.457Z	org.javacs.JavaLanguageServer#buildClassPath	Emit classpath to /var/folders/dv/vq4shwhd4qdbjh2k6rf18pzm0000gn/T/classpath3981796900168951356.txt
SEVERE	?	main	2016-12-21T18:26:06.462Z	org.javacs.Main$4#onError	java.io.IOException: Cannot run program "mvn" (in directory "/Users/michael.zhang/Google Drive/DevCenter/workspace/workspace4Learning/microservice-learning/microservices-spring-cloud-developing-services/4-exercise-files/after/pluralsight-springcloud-m4-securecli"): error=2, No such file or directory
java.lang.RuntimeException: java.io.IOException: Cannot run program "mvn" (in directory "/Users/michael.zhang/Google Drive/DevCenter/workspace/workspace4Learning/microservice-learning/microservices-spring-cloud-developing-services/4-exercise-files/after/pluralsight-springcloud-m4-securecli"): error=2, No such file or directory
	at org.javacs.JavaLanguageServer.buildClassPath(JavaLanguageServer.java:593)
	at org.javacs.JavaLanguageServer.readIfConfig(JavaLanguageServer.java:556)
	at org.javacs.JavaLanguageServer.doFindConfig(JavaLanguageServer.java:525)
	at java.util.HashMap.computeIfAbsent(HashMap.java:1126)
	at org.javacs.JavaLanguageServer.findConfig(JavaLanguageServer.java:517)
	at org.javacs.JavaLanguageServer.findCompiler(JavaLanguageServer.java:477)
	at org.javacs.JavaLanguageServer.access$600(JavaLanguageServer.java:31)
	at org.javacs.JavaLanguageServer$1.didClose(JavaLanguageServer.java:227)
	at io.typefox.lsapi.services.transport.server.LanguageServerEndpoint._doAccept(LanguageServerEndpoint.xtend:202)
	at io.typefox.lsapi.services.transport.server.LanguageServerEndpoint.doAccept(LanguageServerEndpoint.xtend:194)
	at io.typefox.lsapi.services.transport.server.LanguageServerEndpoint.accept(LanguageServerEndpoint.xtend:114)
	at io.typefox.lsapi.services.transport.server.LanguageServerEndpoint.accept(LanguageServerEndpoint.xtend)
	at io.typefox.lsapi.services.transport.AbstractLanguageEndpoint.handleMessage(LanguageEndpoint.xtend:67)
	at io.typefox.lsapi.services.transport.AbstractLanguageEndpoint.lambda$connect$4(LanguageEndpoint.xtend:61)
	at io.typefox.lsapi.services.json.StreamMessageReader$1.apply(StreamMessageReader.java:46)
	at io.typefox.lsapi.services.json.StreamMessageReader$1.apply(StreamMessageReader.java:44)
	at io.typefox.lsapi.services.json.StreamMessageReader.handleMessage(StreamMessageReader.xtend:128)
	at io.typefox.lsapi.services.json.StreamMessageReader.listen(StreamMessageReader.xtend:61)
	at io.typefox.lsapi.services.transport.AbstractLanguageEndpoint.connect(LanguageEndpoint.xtend:60)
	at org.javacs.Main.run(Main.java:150)
	at org.javacs.Main.main(Main.java:69)
Caused by: java.io.IOException: Cannot run program "mvn" (in directory "/Users/michael.zhang/Google Drive/DevCenter/workspace/workspace4Learning/microservice-learning/microservices-spring-cloud-developing-services/4-exercise-files/after/pluralsight-springcloud-m4-securecli"): error=2, No such file or directory
	at java.lang.ProcessBuilder.start(ProcessBuilder.java:1048)
	at java.lang.Runtime.exec(Runtime.java:620)
	at java.lang.Runtime.exec(Runtime.java:450)
	at org.javacs.JavaLanguageServer.buildClassPath(JavaLanguageServer.java:586)
	... 20 more
Caused by: java.io.IOException: error=2, No such file or directory
	at java.lang.UNIXProcess.forkAndExec(Native Method)
	at java.lang.UNIXProcess.<init>(UNIXProcess.java:247)
	at java.lang.ProcessImpl.start(ProcessImpl.java:134)
	at java.lang.ProcessBuilder.start(ProcessBuilder.java:1029)
	... 23 more

INFO	?	main	2016-12-21T18:26:36.935Z	org.javacs.JavaLanguageServer#doLint	Lint [/Users/michael.zhang/Google Drive/DevCenter/workspace/workspace4Learning/microservice-learning/microservices-spring-cloud-developing-services/4-exercise-files/after/pluralsight-springcloud-m4-secureui/src/main/java/pluralsight/demo/PluralsightSpringcloudM4SecureuiApplication.java]
INFO	?	main	2016-12-21T18:26:36.937Z	org.javacs.JavaLanguageServer#buildClassPath	Emit classpath to /var/folders/dv/vq4shwhd4qdbjh2k6rf18pzm0000gn/T/classpath3175352496835575103.txt
SEVERE	?	main	2016-12-21T18:26:36.942Z	org.javacs.Main$4#onError	java.io.IOException: Cannot run program "mvn" (in directory "/Users/michael.zhang/Google Drive/DevCenter/workspace/workspace4Learning/microservice-learning/microservices-spring-cloud-developing-services/4-exercise-files/after/pluralsight-springcloud-m4-secureui"): error=2, No such file or directory
java.lang.RuntimeException: java.io.IOException: Cannot run program "mvn" (in directory "/Users/michael.zhang/Google Drive/DevCenter/workspace/workspace4Learning/microservice-learning/microservices-spring-cloud-developing-services/4-exercise-files/after/pluralsight-springcloud-m4-secureui"): error=2, No such file or directory
	at org.javacs.JavaLanguageServer.buildClassPath(JavaLanguageServer.java:593)
	at org.javacs.JavaLanguageServer.readIfConfig(JavaLanguageServer.java:556)
	at org.javacs.JavaLanguageServer.doFindConfig(JavaLanguageServer.java:525)
	at java.util.HashMap.computeIfAbsent(HashMap.java:1126)
	at org.javacs.JavaLanguageServer.findConfig(JavaLanguageServer.java:517)
	at org.javacs.JavaLanguageServer.doLint(JavaLanguageServer.java:315)
	at org.javacs.JavaLanguageServer.doLint(JavaLanguageServer.java:303)
	at org.javacs.JavaLanguageServer.access$1000(JavaLanguageServer.java:31)
	at org.javacs.JavaLanguageServer$1.lambda$didOpen$14(JavaLanguageServer.java:193)
	at java.util.Optional.ifPresent(Optional.java:159)
	at org.javacs.JavaLanguageServer$1.didOpen(JavaLanguageServer.java:188)
	at io.typefox.lsapi.services.transport.server.LanguageServerEndpoint._doAccept(LanguageServerEndpoint.xtend:198)
	at io.typefox.lsapi.services.transport.server.LanguageServerEndpoint.doAccept(LanguageServerEndpoint.xtend:194)
	at io.typefox.lsapi.services.transport.server.LanguageServerEndpoint.accept(LanguageServerEndpoint.xtend:114)
	at io.typefox.lsapi.services.transport.server.LanguageServerEndpoint.accept(LanguageServerEndpoint.xtend)
	at io.typefox.lsapi.services.transport.AbstractLanguageEndpoint.handleMessage(LanguageEndpoint.xtend:67)
	at io.typefox.lsapi.services.transport.AbstractLanguageEndpoint.lambda$connect$4(LanguageEndpoint.xtend:61)
	at io.typefox.lsapi.services.json.StreamMessageReader$1.apply(StreamMessageReader.java:46)
	at io.typefox.lsapi.services.json.StreamMessageReader$1.apply(StreamMessageReader.java:44)
	at io.typefox.lsapi.services.json.StreamMessageReader.handleMessage(StreamMessageReader.xtend:128)
	at io.typefox.lsapi.services.json.StreamMessageReader.listen(StreamMessageReader.xtend:61)
	at io.typefox.lsapi.services.transport.AbstractLanguageEndpoint.connect(LanguageEndpoint.xtend:60)
	at org.javacs.Main.run(Main.java:150)
	at org.javacs.Main.main(Main.java:69)
Caused by: java.io.IOException: Cannot run program "mvn" (in directory "/Users/michael.zhang/Google Drive/DevCenter/workspace/workspace4Learning/microservice-learning/microservices-spring-cloud-developing-services/4-exercise-files/after/pluralsight-springcloud-m4-secureui"): error=2, No such file or directory
	at java.lang.ProcessBuilder.start(ProcessBuilder.java:1048)
	at java.lang.Runtime.exec(Runtime.java:620)
	at java.lang.Runtime.exec(Runtime.java:450)
	at org.javacs.JavaLanguageServer.buildClassPath(JavaLanguageServer.java:586)
	... 23 more
Caused by: java.io.IOException: error=2, No such file or directory
	at java.lang.UNIXProcess.forkAndExec(Native Method)
	at java.lang.UNIXProcess.<init>(UNIXProcess.java:247)
	at java.lang.ProcessImpl.start(ProcessImpl.java:134)
	at java.lang.ProcessBuilder.start(ProcessBuilder.java:1029)
	... 26 more

INFO	?	main	2016-12-21T18:26:37.728Z	org.javacs.JavaLanguageServer#doLint	Lint [/Users/michael.zhang/Google Drive/DevCenter/workspace/workspace4Learning/microservice-learning/microservices-spring-cloud-developing-services/4-exercise-files/after/pluralsight-springcloud-m4-secureui/src/main/java/pluralsight/demo/ReportController.java]
INFO	?	main	2016-12-21T18:26:37.730Z	org.javacs.JavaLanguageServer#buildClassPath	Emit classpath to /var/folders/dv/vq4shwhd4qdbjh2k6rf18pzm0000gn/T/classpath135906263499537706.txt
SEVERE	?	main	2016-12-21T18:26:37.734Z	org.javacs.Main$4#onError	java.io.IOException: Cannot run program "mvn" (in directory "/Users/michael.zhang/Google Drive/DevCenter/workspace/workspace4Learning/microservice-learning/microservices-spring-cloud-developing-services/4-exercise-files/after/pluralsight-springcloud-m4-secureui"): error=2, No such file or directory
java.lang.RuntimeException: java.io.IOException: Cannot run program "mvn" (in directory "/Users/michael.zhang/Google Drive/DevCenter/workspace/workspace4Learning/microservice-learning/microservices-spring-cloud-developing-services/4-exercise-files/after/pluralsight-springcloud-m4-secureui"): error=2, No such file or directory
	at org.javacs.JavaLanguageServer.buildClassPath(JavaLanguageServer.java:593)
	at org.javacs.JavaLanguageServer.readIfConfig(JavaLanguageServer.java:556)
	at org.javacs.JavaLanguageServer.doFindConfig(JavaLanguageServer.java:525)
	at java.util.HashMap.computeIfAbsent(HashMap.java:1126)
	at org.javacs.JavaLanguageServer.findConfig(JavaLanguageServer.java:517)
	at org.javacs.JavaLanguageServer.doLint(JavaLanguageServer.java:315)
	at org.javacs.JavaLanguageServer.doLint(JavaLanguageServer.java:303)
	at org.javacs.JavaLanguageServer.access$1000(JavaLanguageServer.java:31)
	at org.javacs.JavaLanguageServer$1.lambda$didOpen$14(JavaLanguageServer.java:193)
	at java.util.Optional.ifPresent(Optional.java:159)
	at org.javacs.JavaLanguageServer$1.didOpen(JavaLanguageServer.java:188)
	at io.typefox.lsapi.services.transport.server.LanguageServerEndpoint._doAccept(LanguageServerEndpoint.xtend:198)
	at io.typefox.lsapi.services.transport.server.LanguageServerEndpoint.doAccept(LanguageServerEndpoint.xtend:194)
	at io.typefox.lsapi.services.transport.server.LanguageServerEndpoint.accept(LanguageServerEndpoint.xtend:114)
	at io.typefox.lsapi.services.transport.server.LanguageServerEndpoint.accept(LanguageServerEndpoint.xtend)
	at io.typefox.lsapi.services.transport.AbstractLanguageEndpoint.handleMessage(LanguageEndpoint.xtend:67)
	at io.typefox.lsapi.services.transport.AbstractLanguageEndpoint.lambda$connect$4(LanguageEndpoint.xtend:61)
	at io.typefox.lsapi.services.json.StreamMessageReader$1.apply(StreamMessageReader.java:46)
	at io.typefox.lsapi.services.json.StreamMessageReader$1.apply(StreamMessageReader.java:44)
	at io.typefox.lsapi.services.json.StreamMessageReader.handleMessage(StreamMessageReader.xtend:128)
	at io.typefox.lsapi.services.json.StreamMessageReader.listen(StreamMessageReader.xtend:61)
	at io.typefox.lsapi.services.transport.AbstractLanguageEndpoint.connect(LanguageEndpoint.xtend:60)
	at org.javacs.Main.run(Main.java:150)
	at org.javacs.Main.main(Main.java:69)
Caused by: java.io.IOException: Cannot run program "mvn" (in directory "/Users/michael.zhang/Google Drive/DevCenter/workspace/workspace4Learning/microservice-learning/microservices-spring-cloud-developing-services/4-exercise-files/after/pluralsight-springcloud-m4-secureui"): error=2, No such file or directory
	at java.lang.ProcessBuilder.start(ProcessBuilder.java:1048)
	at java.lang.Runtime.exec(Runtime.java:620)
	at java.lang.Runtime.exec(Runtime.java:450)
	at org.javacs.JavaLanguageServer.buildClassPath(JavaLanguageServer.java:586)
	... 23 more
Caused by: java.io.IOException: error=2, No such file or directory
	at java.lang.UNIXProcess.forkAndExec(Native Method)
	at java.lang.UNIXProcess.<init>(UNIXProcess.java:247)
	at java.lang.ProcessImpl.start(ProcessImpl.java:134)
	at java.lang.ProcessBuilder.start(ProcessBuilder.java:1029)
	... 26 more

INFO	?	main	2016-12-21T18:26:37.737Z	org.javacs.JavaLanguageServer#buildClassPath	Emit classpath to /var/folders/dv/vq4shwhd4qdbjh2k6rf18pzm0000gn/T/classpath7175386718333084327.txt
SEVERE	?	main	2016-12-21T18:26:37.741Z	org.javacs.Main$4#onError	java.io.IOException: Cannot run program "mvn" (in directory "/Users/michael.zhang/Google Drive/DevCenter/workspace/workspace4Learning/microservice-learning/microservices-spring-cloud-developing-services/4-exercise-files/after/pluralsight-springcloud-m4-secureui"): error=2, No such file or directory
java.lang.RuntimeException: java.io.IOException: Cannot run program "mvn" (in directory "/Users/michael.zhang/Google Drive/DevCenter/workspace/workspace4Learning/microservice-learning/microservices-spring-cloud-developing-services/4-exercise-files/after/pluralsight-springcloud-m4-secureui"): error=2, No such file or directory
	at org.javacs.JavaLanguageServer.buildClassPath(JavaLanguageServer.java:593)
	at org.javacs.JavaLanguageServer.readIfConfig(JavaLanguageServer.java:556)
	at org.javacs.JavaLanguageServer.doFindConfig(JavaLanguageServer.java:525)
	at java.util.HashMap.computeIfAbsent(HashMap.java:1126)
	at org.javacs.JavaLanguageServer.findConfig(JavaLanguageServer.java:517)
	at org.javacs.JavaLanguageServer.findCompiler(JavaLanguageServer.java:477)
	at org.javacs.JavaLanguageServer.access$600(JavaLanguageServer.java:31)
	at org.javacs.JavaLanguageServer$1.didClose(JavaLanguageServer.java:227)
	at io.typefox.lsapi.services.transport.server.LanguageServerEndpoint._doAccept(LanguageServerEndpoint.xtend:202)
	at io.typefox.lsapi.services.transport.server.LanguageServerEndpoint.doAccept(LanguageServerEndpoint.xtend:194)
	at io.typefox.lsapi.services.transport.server.LanguageServerEndpoint.accept(LanguageServerEndpoint.xtend:114)
	at io.typefox.lsapi.services.transport.server.LanguageServerEndpoint.accept(LanguageServerEndpoint.xtend)
	at io.typefox.lsapi.services.transport.AbstractLanguageEndpoint.handleMessage(LanguageEndpoint.xtend:67)
	at io.typefox.lsapi.services.transport.AbstractLanguageEndpoint.lambda$connect$4(LanguageEndpoint.xtend:61)
	at io.typefox.lsapi.services.json.StreamMessageReader$1.apply(StreamMessageReader.java:46)
	at io.typefox.lsapi.services.json.StreamMessageReader$1.apply(StreamMessageReader.java:44)
	at io.typefox.lsapi.services.json.StreamMessageReader.handleMessage(StreamMessageReader.xtend:128)
	at io.typefox.lsapi.services.json.StreamMessageReader.listen(StreamMessageReader.xtend:61)
	at io.typefox.lsapi.services.transport.AbstractLanguageEndpoint.connect(LanguageEndpoint.xtend:60)
	at org.javacs.Main.run(Main.java:150)
	at org.javacs.Main.main(Main.java:69)
Caused by: java.io.IOException: Cannot run program "mvn" (in directory "/Users/michael.zhang/Google Drive/DevCenter/workspace/workspace4Learning/microservice-learning/microservices-spring-cloud-developing-services/4-exercise-files/after/pluralsight-springcloud-m4-secureui"): error=2, No such file or directory
	at java.lang.ProcessBuilder.start(ProcessBuilder.java:1048)
	at java.lang.Runtime.exec(Runtime.java:620)
	at java.lang.Runtime.exec(Runtime.java:450)
	at org.javacs.JavaLanguageServer.buildClassPath(JavaLanguageServer.java:586)
	... 20 more
Caused by: java.io.IOException: error=2, No such file or directory
	at java.lang.UNIXProcess.forkAndExec(Native Method)
	at java.lang.UNIXProcess.<init>(UNIXProcess.java:247)
	at java.lang.ProcessImpl.start(ProcessImpl.java:134)
	at java.lang.ProcessBuilder.start(ProcessBuilder.java:1029)
	... 23 more

INFO	?	main	2016-12-21T18:26:38.860Z	org.javacs.JavaLanguageServer#doLint	Lint [/Users/michael.zhang/Google Drive/DevCenter/workspace/workspace4Learning/microservice-learning/microservices-spring-cloud-developing-services/4-exercise-files/after/pluralsight-springcloud-m4-secureui/src/main/java/pluralsight/demo/PluralsightSpringcloudM4SecureuiApplication.java]
INFO	?	main	2016-12-21T18:26:38.861Z	org.javacs.JavaLanguageServer#buildClassPath	Emit classpath to /var/folders/dv/vq4shwhd4qdbjh2k6rf18pzm0000gn/T/classpath8282326800696041644.txt
SEVERE	?	main	2016-12-21T18:26:38.866Z	org.javacs.Main$4#onError	java.io.IOException: Cannot run program "mvn" (in directory "/Users/michael.zhang/Google Drive/DevCenter/workspace/workspace4Learning/microservice-learning/microservices-spring-cloud-developing-services/4-exercise-files/after/pluralsight-springcloud-m4-secureui"): error=2, No such file or directory
java.lang.RuntimeException: java.io.IOException: Cannot run program "mvn" (in directory "/Users/michael.zhang/Google Drive/DevCenter/workspace/workspace4Learning/microservice-learning/microservices-spring-cloud-developing-services/4-exercise-files/after/pluralsight-springcloud-m4-secureui"): error=2, No such file or directory
	at org.javacs.JavaLanguageServer.buildClassPath(JavaLanguageServer.java:593)
	at org.javacs.JavaLanguageServer.readIfConfig(JavaLanguageServer.java:556)
	at org.javacs.JavaLanguageServer.doFindConfig(JavaLanguageServer.java:525)
	at java.util.HashMap.computeIfAbsent(HashMap.java:1126)
	at org.javacs.JavaLanguageServer.findConfig(JavaLanguageServer.java:517)
	at org.javacs.JavaLanguageServer.doLint(JavaLanguageServer.java:315)
	at org.javacs.JavaLanguageServer.doLint(JavaLanguageServer.java:303)
	at org.javacs.JavaLanguageServer.access$1000(JavaLanguageServer.java:31)
	at org.javacs.JavaLanguageServer$1.lambda$didOpen$14(JavaLanguageServer.java:193)
	at java.util.Optional.ifPresent(Optional.java:159)
	at org.javacs.JavaLanguageServer$1.didOpen(JavaLanguageServer.java:188)
	at io.typefox.lsapi.services.transport.server.LanguageServerEndpoint._doAccept(LanguageServerEndpoint.xtend:198)
	at io.typefox.lsapi.services.transport.server.LanguageServerEndpoint.doAccept(LanguageServerEndpoint.xtend:194)
	at io.typefox.lsapi.services.transport.server.LanguageServerEndpoint.accept(LanguageServerEndpoint.xtend:114)
	at io.typefox.lsapi.services.transport.server.LanguageServerEndpoint.accept(LanguageServerEndpoint.xtend)
	at io.typefox.lsapi.services.transport.AbstractLanguageEndpoint.handleMessage(LanguageEndpoint.xtend:67)
	at io.typefox.lsapi.services.transport.AbstractLanguageEndpoint.lambda$connect$4(LanguageEndpoint.xtend:61)
	at io.typefox.lsapi.services.json.StreamMessageReader$1.apply(StreamMessageReader.java:46)
	at io.typefox.lsapi.services.json.StreamMessageReader$1.apply(StreamMessageReader.java:44)
	at io.typefox.lsapi.services.json.StreamMessageReader.handleMessage(StreamMessageReader.xtend:128)
	at io.typefox.lsapi.services.json.StreamMessageReader.listen(StreamMessageReader.xtend:61)
	at io.typefox.lsapi.services.transport.AbstractLanguageEndpoint.connect(LanguageEndpoint.xtend:60)
	at org.javacs.Main.run(Main.java:150)
	at org.javacs.Main.main(Main.java:69)
Caused by: java.io.IOException: Cannot run program "mvn" (in directory "/Users/michael.zhang/Google Drive/DevCenter/workspace/workspace4Learning/microservice-learning/microservices-spring-cloud-developing-services/4-exercise-files/after/pluralsight-springcloud-m4-secureui"): error=2, No such file or directory
	at java.lang.ProcessBuilder.start(ProcessBuilder.java:1048)
	at java.lang.Runtime.exec(Runtime.java:620)
	at java.lang.Runtime.exec(Runtime.java:450)
	at org.javacs.JavaLanguageServer.buildClassPath(JavaLanguageServer.java:586)
	... 23 more
Caused by: java.io.IOException: error=2, No such file or directory
	at java.lang.UNIXProcess.forkAndExec(Native Method)
	at java.lang.UNIXProcess.<init>(UNIXProcess.java:247)
	at java.lang.ProcessImpl.start(ProcessImpl.java:134)
	at java.lang.ProcessBuilder.start(ProcessBuilder.java:1029)
	... 26 more

INFO	?	main	2016-12-21T18:26:38.869Z	org.javacs.JavaLanguageServer#buildClassPath	Emit classpath to /var/folders/dv/vq4shwhd4qdbjh2k6rf18pzm0000gn/T/classpath3941893611288888001.txt
SEVERE	?	main	2016-12-21T18:26:38.873Z	org.javacs.Main$4#onError	java.io.IOException: Cannot run program "mvn" (in directory "/Users/michael.zhang/Google Drive/DevCenter/workspace/workspace4Learning/microservice-learning/microservices-spring-cloud-developing-services/4-exercise-files/after/pluralsight-springcloud-m4-secureui"): error=2, No such file or directory
java.lang.RuntimeException: java.io.IOException: Cannot run program "mvn" (in directory "/Users/michael.zhang/Google Drive/DevCenter/workspace/workspace4Learning/microservice-learning/microservices-spring-cloud-developing-services/4-exercise-files/after/pluralsight-springcloud-m4-secureui"): error=2, No such file or directory
	at org.javacs.JavaLanguageServer.buildClassPath(JavaLanguageServer.java:593)
	at org.javacs.JavaLanguageServer.readIfConfig(JavaLanguageServer.java:556)
	at org.javacs.JavaLanguageServer.doFindConfig(JavaLanguageServer.java:525)
	at java.util.HashMap.computeIfAbsent(HashMap.java:1126)
	at org.javacs.JavaLanguageServer.findConfig(JavaLanguageServer.java:517)
	at org.javacs.JavaLanguageServer.findCompiler(JavaLanguageServer.java:477)
	at org.javacs.JavaLanguageServer.access$600(JavaLanguageServer.java:31)
	at org.javacs.JavaLanguageServer$1.didClose(JavaLanguageServer.java:227)
	at io.typefox.lsapi.services.transport.server.LanguageServerEndpoint._doAccept(LanguageServerEndpoint.xtend:202)
	at io.typefox.lsapi.services.transport.server.LanguageServerEndpoint.doAccept(LanguageServerEndpoint.xtend:194)
	at io.typefox.lsapi.services.transport.server.LanguageServerEndpoint.accept(LanguageServerEndpoint.xtend:114)
	at io.typefox.lsapi.services.transport.server.LanguageServerEndpoint.accept(LanguageServerEndpoint.xtend)
	at io.typefox.lsapi.services.transport.AbstractLanguageEndpoint.handleMessage(LanguageEndpoint.xtend:67)
	at io.typefox.lsapi.services.transport.AbstractLanguageEndpoint.lambda$connect$4(LanguageEndpoint.xtend:61)
	at io.typefox.lsapi.services.json.StreamMessageReader$1.apply(StreamMessageReader.java:46)
	at io.typefox.lsapi.services.json.StreamMessageReader$1.apply(StreamMessageReader.java:44)
	at io.typefox.lsapi.services.json.StreamMessageReader.handleMessage(StreamMessageReader.xtend:128)
	at io.typefox.lsapi.services.json.StreamMessageReader.listen(StreamMessageReader.xtend:61)
	at io.typefox.lsapi.services.transport.AbstractLanguageEndpoint.connect(LanguageEndpoint.xtend:60)
	at org.javacs.Main.run(Main.java:150)
	at org.javacs.Main.main(Main.java:69)
Caused by: java.io.IOException: Cannot run program "mvn" (in directory "/Users/michael.zhang/Google Drive/DevCenter/workspace/workspace4Learning/microservice-learning/microservices-spring-cloud-developing-services/4-exercise-files/after/pluralsight-springcloud-m4-secureui"): error=2, No such file or directory
	at java.lang.ProcessBuilder.start(ProcessBuilder.java:1048)
	at java.lang.Runtime.exec(Runtime.java:620)
	at java.lang.Runtime.exec(Runtime.java:450)
	at org.javacs.JavaLanguageServer.buildClassPath(JavaLanguageServer.java:586)
	... 20 more
Caused by: java.io.IOException: error=2, No such file or directory
	at java.lang.UNIXProcess.forkAndExec(Native Method)
	at java.lang.UNIXProcess.<init>(UNIXProcess.java:247)
	at java.lang.ProcessImpl.start(ProcessImpl.java:134)
	at java.lang.ProcessBuilder.start(ProcessBuilder.java:1029)
	... 23 more

INFO	?	main	2016-12-21T18:26:44.024Z	org.javacs.JavaLanguageServer#doLint	Lint [/Users/michael.zhang/Google Drive/DevCenter/workspace/workspace4Learning/microservice-learning/microservices-spring-cloud-developing-services/4-exercise-files/after/pluralsight-springcloud-m4-secureui/src/main/java/pluralsight/demo/ReportController.java]
INFO	?	main	2016-12-21T18:26:44.025Z	org.javacs.JavaLanguageServer#buildClassPath	Emit classpath to /var/folders/dv/vq4shwhd4qdbjh2k6rf18pzm0000gn/T/classpath146445207449517391.txt
SEVERE	?	main	2016-12-21T18:26:44.029Z	org.javacs.Main$4#onError	java.io.IOException: Cannot run program "mvn" (in directory "/Users/michael.zhang/Google Drive/DevCenter/workspace/workspace4Learning/microservice-learning/microservices-spring-cloud-developing-services/4-exercise-files/after/pluralsight-springcloud-m4-secureui"): error=2, No such file or directory
java.lang.RuntimeException: java.io.IOException: Cannot run program "mvn" (in directory "/Users/michael.zhang/Google Drive/DevCenter/workspace/workspace4Learning/microservice-learning/microservices-spring-cloud-developing-services/4-exercise-files/after/pluralsight-springcloud-m4-secureui"): error=2, No such file or directory
	at org.javacs.JavaLanguageServer.buildClassPath(JavaLanguageServer.java:593)
	at org.javacs.JavaLanguageServer.readIfConfig(JavaLanguageServer.java:556)
	at org.javacs.JavaLanguageServer.doFindConfig(JavaLanguageServer.java:525)
	at java.util.HashMap.computeIfAbsent(HashMap.java:1126)
	at org.javacs.JavaLanguageServer.findConfig(JavaLanguageServer.java:517)
	at org.javacs.JavaLanguageServer.doLint(JavaLanguageServer.java:315)
	at org.javacs.JavaLanguageServer.doLint(JavaLanguageServer.java:303)
	at org.javacs.JavaLanguageServer.access$1000(JavaLanguageServer.java:31)
	at org.javacs.JavaLanguageServer$1.lambda$didOpen$14(JavaLanguageServer.java:193)
	at java.util.Optional.ifPresent(Optional.java:159)
	at org.javacs.JavaLanguageServer$1.didOpen(JavaLanguageServer.java:188)
	at io.typefox.lsapi.services.transport.server.LanguageServerEndpoint._doAccept(LanguageServerEndpoint.xtend:198)
	at io.typefox.lsapi.services.transport.server.LanguageServerEndpoint.doAccept(LanguageServerEndpoint.xtend:194)
	at io.typefox.lsapi.services.transport.server.LanguageServerEndpoint.accept(LanguageServerEndpoint.xtend:114)
	at io.typefox.lsapi.services.transport.server.LanguageServerEndpoint.accept(LanguageServerEndpoint.xtend)
	at io.typefox.lsapi.services.transport.AbstractLanguageEndpoint.handleMessage(LanguageEndpoint.xtend:67)
	at io.typefox.lsapi.services.transport.AbstractLanguageEndpoint.lambda$connect$4(LanguageEndpoint.xtend:61)
	at io.typefox.lsapi.services.json.StreamMessageReader$1.apply(StreamMessageReader.java:46)
	at io.typefox.lsapi.services.json.StreamMessageReader$1.apply(StreamMessageReader.java:44)
	at io.typefox.lsapi.services.json.StreamMessageReader.handleMessage(StreamMessageReader.xtend:128)
	at io.typefox.lsapi.services.json.StreamMessageReader.listen(StreamMessageReader.xtend:61)
	at io.typefox.lsapi.services.transport.AbstractLanguageEndpoint.connect(LanguageEndpoint.xtend:60)
	at org.javacs.Main.run(Main.java:150)
	at org.javacs.Main.main(Main.java:69)
Caused by: java.io.IOException: Cannot run program "mvn" (in directory "/Users/michael.zhang/Google Drive/DevCenter/workspace/workspace4Learning/microservice-learning/microservices-spring-cloud-developing-services/4-exercise-files/after/pluralsight-springcloud-m4-secureui"): error=2, No such file or directory
	at java.lang.ProcessBuilder.start(ProcessBuilder.java:1048)
	at java.lang.Runtime.exec(Runtime.java:620)
	at java.lang.Runtime.exec(Runtime.java:450)
	at org.javacs.JavaLanguageServer.buildClassPath(JavaLanguageServer.java:586)
	... 23 more
Caused by: java.io.IOException: error=2, No such file or directory
	at java.lang.UNIXProcess.forkAndExec(Native Method)
	at java.lang.UNIXProcess.<init>(UNIXProcess.java:247)
	at java.lang.ProcessImpl.start(ProcessImpl.java:134)
	at java.lang.ProcessBuilder.start(ProcessBuilder.java:1029)
	... 26 more

INFO	?	main	2016-12-21T18:26:44.032Z	org.javacs.JavaLanguageServer#buildClassPath	Emit classpath to /var/folders/dv/vq4shwhd4qdbjh2k6rf18pzm0000gn/T/classpath2896543075900644638.txt
SEVERE	?	main	2016-12-21T18:26:44.035Z	org.javacs.Main$4#onError	java.io.IOException: Cannot run program "mvn" (in directory "/Users/michael.zhang/Google Drive/DevCenter/workspace/workspace4Learning/microservice-learning/microservices-spring-cloud-developing-services/4-exercise-files/after/pluralsight-springcloud-m4-secureui"): error=2, No such file or directory
java.lang.RuntimeException: java.io.IOException: Cannot run program "mvn" (in directory "/Users/michael.zhang/Google Drive/DevCenter/workspace/workspace4Learning/microservice-learning/microservices-spring-cloud-developing-services/4-exercise-files/after/pluralsight-springcloud-m4-secureui"): error=2, No such file or directory
	at org.javacs.JavaLanguageServer.buildClassPath(JavaLanguageServer.java:593)
	at org.javacs.JavaLanguageServer.readIfConfig(JavaLanguageServer.java:556)
	at org.javacs.JavaLanguageServer.doFindConfig(JavaLanguageServer.java:525)
	at java.util.HashMap.computeIfAbsent(HashMap.java:1126)
	at org.javacs.JavaLanguageServer.findConfig(JavaLanguageServer.java:517)
	at org.javacs.JavaLanguageServer.findCompiler(JavaLanguageServer.java:477)
	at org.javacs.JavaLanguageServer.access$600(JavaLanguageServer.java:31)
	at org.javacs.JavaLanguageServer$1.didClose(JavaLanguageServer.java:227)
	at io.typefox.lsapi.services.transport.server.LanguageServerEndpoint._doAccept(LanguageServerEndpoint.xtend:202)
	at io.typefox.lsapi.services.transport.server.LanguageServerEndpoint.doAccept(LanguageServerEndpoint.xtend:194)
	at io.typefox.lsapi.services.transport.server.LanguageServerEndpoint.accept(LanguageServerEndpoint.xtend:114)
	at io.typefox.lsapi.services.transport.server.LanguageServerEndpoint.accept(LanguageServerEndpoint.xtend)
	at io.typefox.lsapi.services.transport.AbstractLanguageEndpoint.handleMessage(LanguageEndpoint.xtend:67)
	at io.typefox.lsapi.services.transport.AbstractLanguageEndpoint.lambda$connect$4(LanguageEndpoint.xtend:61)
	at io.typefox.lsapi.services.json.StreamMessageReader$1.apply(StreamMessageReader.java:46)
	at io.typefox.lsapi.services.json.StreamMessageReader$1.apply(StreamMessageReader.java:44)
	at io.typefox.lsapi.services.json.StreamMessageReader.handleMessage(StreamMessageReader.xtend:128)
	at io.typefox.lsapi.services.json.StreamMessageReader.listen(StreamMessageReader.xtend:61)
	at io.typefox.lsapi.services.transport.AbstractLanguageEndpoint.connect(LanguageEndpoint.xtend:60)
	at org.javacs.Main.run(Main.java:150)
	at org.javacs.Main.main(Main.java:69)
Caused by: java.io.IOException: Cannot run program "mvn" (in directory "/Users/michael.zhang/Google Drive/DevCenter/workspace/workspace4Learning/microservice-learning/microservices-spring-cloud-developing-services/4-exercise-files/after/pluralsight-springcloud-m4-secureui"): error=2, No such file or directory
	at java.lang.ProcessBuilder.start(ProcessBuilder.java:1048)
	at java.lang.Runtime.exec(Runtime.java:620)
	at java.lang.Runtime.exec(Runtime.java:450)
	at org.javacs.JavaLanguageServer.buildClassPath(JavaLanguageServer.java:586)
	... 20 more
Caused by: java.io.IOException: error=2, No such file or directory
	at java.lang.UNIXProcess.forkAndExec(Native Method)
	at java.lang.UNIXProcess.<init>(UNIXProcess.java:247)
	at java.lang.ProcessImpl.start(ProcessImpl.java:134)
	at java.lang.ProcessBuilder.start(ProcessBuilder.java:1029)
	... 23 more

INFO	?	main	2016-12-21T18:26:44.976Z	org.javacs.JavaLanguageServer#doLint	Lint [/Users/michael.zhang/Google Drive/DevCenter/workspace/workspace4Learning/microservice-learning/microservices-spring-cloud-developing-services/4-exercise-files/after/pluralsight-springcloud-m4-secureui/src/main/java/pluralsight/demo/ServiceConfig.java]
INFO	?	main	2016-12-21T18:26:44.978Z	org.javacs.JavaLanguageServer#buildClassPath	Emit classpath to /var/folders/dv/vq4shwhd4qdbjh2k6rf18pzm0000gn/T/classpath8708419548285237985.txt
SEVERE	?	main	2016-12-21T18:26:44.982Z	org.javacs.Main$4#onError	java.io.IOException: Cannot run program "mvn" (in directory "/Users/michael.zhang/Google Drive/DevCenter/workspace/workspace4Learning/microservice-learning/microservices-spring-cloud-developing-services/4-exercise-files/after/pluralsight-springcloud-m4-secureui"): error=2, No such file or directory
java.lang.RuntimeException: java.io.IOException: Cannot run program "mvn" (in directory "/Users/michael.zhang/Google Drive/DevCenter/workspace/workspace4Learning/microservice-learning/microservices-spring-cloud-developing-services/4-exercise-files/after/pluralsight-springcloud-m4-secureui"): error=2, No such file or directory
	at org.javacs.JavaLanguageServer.buildClassPath(JavaLanguageServer.java:593)
	at org.javacs.JavaLanguageServer.readIfConfig(JavaLanguageServer.java:556)
	at org.javacs.JavaLanguageServer.doFindConfig(JavaLanguageServer.java:525)
	at java.util.HashMap.computeIfAbsent(HashMap.java:1126)
	at org.javacs.JavaLanguageServer.findConfig(JavaLanguageServer.java:517)
	at org.javacs.JavaLanguageServer.doLint(JavaLanguageServer.java:315)
	at org.javacs.JavaLanguageServer.doLint(JavaLanguageServer.java:303)
	at org.javacs.JavaLanguageServer.access$1000(JavaLanguageServer.java:31)
	at org.javacs.JavaLanguageServer$1.lambda$didOpen$14(JavaLanguageServer.java:193)
	at java.util.Optional.ifPresent(Optional.java:159)
	at org.javacs.JavaLanguageServer$1.didOpen(JavaLanguageServer.java:188)
	at io.typefox.lsapi.services.transport.server.LanguageServerEndpoint._doAccept(LanguageServerEndpoint.xtend:198)
	at io.typefox.lsapi.services.transport.server.LanguageServerEndpoint.doAccept(LanguageServerEndpoint.xtend:194)
	at io.typefox.lsapi.services.transport.server.LanguageServerEndpoint.accept(LanguageServerEndpoint.xtend:114)
	at io.typefox.lsapi.services.transport.server.LanguageServerEndpoint.accept(LanguageServerEndpoint.xtend)
	at io.typefox.lsapi.services.transport.AbstractLanguageEndpoint.handleMessage(LanguageEndpoint.xtend:67)
	at io.typefox.lsapi.services.transport.AbstractLanguageEndpoint.lambda$connect$4(LanguageEndpoint.xtend:61)
	at io.typefox.lsapi.services.json.StreamMessageReader$1.apply(StreamMessageReader.java:46)
	at io.typefox.lsapi.services.json.StreamMessageReader$1.apply(StreamMessageReader.java:44)
	at io.typefox.lsapi.services.json.StreamMessageReader.handleMessage(StreamMessageReader.xtend:128)
	at io.typefox.lsapi.services.json.StreamMessageReader.listen(StreamMessageReader.xtend:61)
	at io.typefox.lsapi.services.transport.AbstractLanguageEndpoint.connect(LanguageEndpoint.xtend:60)
	at org.javacs.Main.run(Main.java:150)
	at org.javacs.Main.main(Main.java:69)
Caused by: java.io.IOException: Cannot run program "mvn" (in directory "/Users/michael.zhang/Google Drive/DevCenter/workspace/workspace4Learning/microservice-learning/microservices-spring-cloud-developing-services/4-exercise-files/after/pluralsight-springcloud-m4-secureui"): error=2, No such file or directory
	at java.lang.ProcessBuilder.start(ProcessBuilder.java:1048)
	at java.lang.Runtime.exec(Runtime.java:620)
	at java.lang.Runtime.exec(Runtime.java:450)
	at org.javacs.JavaLanguageServer.buildClassPath(JavaLanguageServer.java:586)
	... 23 more
Caused by: java.io.IOException: error=2, No such file or directory
	at java.lang.UNIXProcess.forkAndExec(Native Method)
	at java.lang.UNIXProcess.<init>(UNIXProcess.java:247)
	at java.lang.ProcessImpl.start(ProcessImpl.java:134)
	at java.lang.ProcessBuilder.start(ProcessBuilder.java:1029)
	... 26 more

INFO	?	main	2016-12-21T18:26:44.984Z	org.javacs.JavaLanguageServer#buildClassPath	Emit classpath to /var/folders/dv/vq4shwhd4qdbjh2k6rf18pzm0000gn/T/classpath2957223246702941157.txt
SEVERE	?	main	2016-12-21T18:26:44.987Z	org.javacs.Main$4#onError	java.io.IOException: Cannot run program "mvn" (in directory "/Users/michael.zhang/Google Drive/DevCenter/workspace/workspace4Learning/microservice-learning/microservices-spring-cloud-developing-services/4-exercise-files/after/pluralsight-springcloud-m4-secureui"): error=2, No such file or directory
java.lang.RuntimeException: java.io.IOException: Cannot run program "mvn" (in directory "/Users/michael.zhang/Google Drive/DevCenter/workspace/workspace4Learning/microservice-learning/microservices-spring-cloud-developing-services/4-exercise-files/after/pluralsight-springcloud-m4-secureui"): error=2, No such file or directory
	at org.javacs.JavaLanguageServer.buildClassPath(JavaLanguageServer.java:593)
	at org.javacs.JavaLanguageServer.readIfConfig(JavaLanguageServer.java:556)
	at org.javacs.JavaLanguageServer.doFindConfig(JavaLanguageServer.java:525)
	at java.util.HashMap.computeIfAbsent(HashMap.java:1126)
	at org.javacs.JavaLanguageServer.findConfig(JavaLanguageServer.java:517)
	at org.javacs.JavaLanguageServer.findCompiler(JavaLanguageServer.java:477)
	at org.javacs.JavaLanguageServer.access$600(JavaLanguageServer.java:31)
	at org.javacs.JavaLanguageServer$1.didClose(JavaLanguageServer.java:227)
	at io.typefox.lsapi.services.transport.server.LanguageServerEndpoint._doAccept(LanguageServerEndpoint.xtend:202)
	at io.typefox.lsapi.services.transport.server.LanguageServerEndpoint.doAccept(LanguageServerEndpoint.xtend:194)
	at io.typefox.lsapi.services.transport.server.LanguageServerEndpoint.accept(LanguageServerEndpoint.xtend:114)
	at io.typefox.lsapi.services.transport.server.LanguageServerEndpoint.accept(LanguageServerEndpoint.xtend)
	at io.typefox.lsapi.services.transport.AbstractLanguageEndpoint.handleMessage(LanguageEndpoint.xtend:67)
	at io.typefox.lsapi.services.transport.AbstractLanguageEndpoint.lambda$connect$4(LanguageEndpoint.xtend:61)
	at io.typefox.lsapi.services.json.StreamMessageReader$1.apply(StreamMessageReader.java:46)
	at io.typefox.lsapi.services.json.StreamMessageReader$1.apply(StreamMessageReader.java:44)
	at io.typefox.lsapi.services.json.StreamMessageReader.handleMessage(StreamMessageReader.xtend:128)
	at io.typefox.lsapi.services.json.StreamMessageReader.listen(StreamMessageReader.xtend:61)
	at io.typefox.lsapi.services.transport.AbstractLanguageEndpoint.connect(LanguageEndpoint.xtend:60)
	at org.javacs.Main.run(Main.java:150)
	at org.javacs.Main.main(Main.java:69)
Caused by: java.io.IOException: Cannot run program "mvn" (in directory "/Users/michael.zhang/Google Drive/DevCenter/workspace/workspace4Learning/microservice-learning/microservices-spring-cloud-developing-services/4-exercise-files/after/pluralsight-springcloud-m4-secureui"): error=2, No such file or directory
	at java.lang.ProcessBuilder.start(ProcessBuilder.java:1048)
	at java.lang.Runtime.exec(Runtime.java:620)
	at java.lang.Runtime.exec(Runtime.java:450)
	at org.javacs.JavaLanguageServer.buildClassPath(JavaLanguageServer.java:586)
	... 20 more
Caused by: java.io.IOException: error=2, No such file or directory
	at java.lang.UNIXProcess.forkAndExec(Native Method)
	at java.lang.UNIXProcess.<init>(UNIXProcess.java:247)
	at java.lang.ProcessImpl.start(ProcessImpl.java:134)
	at java.lang.ProcessBuilder.start(ProcessBuilder.java:1029)
	... 23 more

INFO	?	main	2016-12-21T18:27:16.714Z	org.javacs.JavaLanguageServer#buildClassPath	Emit classpath to /var/folders/dv/vq4shwhd4qdbjh2k6rf18pzm0000gn/T/classpath8754342871091665701.txt
SEVERE	?	main	2016-12-21T18:27:16.718Z	org.javacs.Main$4#onError	java.io.IOException: Cannot run program "mvn" (in directory "/Users/michael.zhang/Google Drive/DevCenter/workspace/workspace4Learning/microservice-learning/microservices-spring-cloud-developing-services/4-exercise-files/after/pluralsight-springcloud-m4-secureui"): error=2, No such file or directory
java.lang.RuntimeException: java.io.IOException: Cannot run program "mvn" (in directory "/Users/michael.zhang/Google Drive/DevCenter/workspace/workspace4Learning/microservice-learning/microservices-spring-cloud-developing-services/4-exercise-files/after/pluralsight-springcloud-m4-secureui"): error=2, No such file or directory
	at org.javacs.JavaLanguageServer.buildClassPath(JavaLanguageServer.java:593)
	at org.javacs.JavaLanguageServer.readIfConfig(JavaLanguageServer.java:556)
	at org.javacs.JavaLanguageServer.doFindConfig(JavaLanguageServer.java:525)
	at java.util.HashMap.computeIfAbsent(HashMap.java:1126)
	at org.javacs.JavaLanguageServer.findConfig(JavaLanguageServer.java:517)
	at org.javacs.JavaLanguageServer.findCompiler(JavaLanguageServer.java:477)
	at org.javacs.JavaLanguageServer.access$600(JavaLanguageServer.java:31)
	at org.javacs.JavaLanguageServer$1.didClose(JavaLanguageServer.java:227)
	at io.typefox.lsapi.services.transport.server.LanguageServerEndpoint._doAccept(LanguageServerEndpoint.xtend:202)
	at io.typefox.lsapi.services.transport.server.LanguageServerEndpoint.doAccept(LanguageServerEndpoint.xtend:194)
	at io.typefox.lsapi.services.transport.server.LanguageServerEndpoint.accept(LanguageServerEndpoint.xtend:114)
	at io.typefox.lsapi.services.transport.server.LanguageServerEndpoint.accept(LanguageServerEndpoint.xtend)
	at io.typefox.lsapi.services.transport.AbstractLanguageEndpoint.handleMessage(LanguageEndpoint.xtend:67)
	at io.typefox.lsapi.services.transport.AbstractLanguageEndpoint.lambda$connect$4(LanguageEndpoint.xtend:61)
	at io.typefox.lsapi.services.json.StreamMessageReader$1.apply(StreamMessageReader.java:46)
	at io.typefox.lsapi.services.json.StreamMessageReader$1.apply(StreamMessageReader.java:44)
	at io.typefox.lsapi.services.json.StreamMessageReader.handleMessage(StreamMessageReader.xtend:128)
	at io.typefox.lsapi.services.json.StreamMessageReader.listen(StreamMessageReader.xtend:61)
	at io.typefox.lsapi.services.transport.AbstractLanguageEndpoint.connect(LanguageEndpoint.xtend:60)
	at org.javacs.Main.run(Main.java:150)
	at org.javacs.Main.main(Main.java:69)
Caused by: java.io.IOException: Cannot run program "mvn" (in directory "/Users/michael.zhang/Google Drive/DevCenter/workspace/workspace4Learning/microservice-learning/microservices-spring-cloud-developing-services/4-exercise-files/after/pluralsight-springcloud-m4-secureui"): error=2, No such file or directory
	at java.lang.ProcessBuilder.start(ProcessBuilder.java:1048)
	at java.lang.Runtime.exec(Runtime.java:620)
	at java.lang.Runtime.exec(Runtime.java:450)
	at org.javacs.JavaLanguageServer.buildClassPath(JavaLanguageServer.java:586)
	... 20 more
Caused by: java.io.IOException: error=2, No such file or directory
	at java.lang.UNIXProcess.forkAndExec(Native Method)
	at java.lang.UNIXProcess.<init>(UNIXProcess.java:247)
	at java.lang.ProcessImpl.start(ProcessImpl.java:134)
	at java.lang.ProcessBuilder.start(ProcessBuilder.java:1029)
	... 23 more

INFO	?	main	2016-12-21T18:27:39.910Z	org.javacs.Main#run	Connection closed
